<?xml version="1.0" encoding="UTF-8"?>
<testsuite name="org.example.command.TeamAdminCommandTest" tests="2" skipped="0" failures="0" errors="0" timestamp="2026-08-21T17:04:51" hostname="c-6a8879ec-0167ce52-632a481312a1" time="2.223">
  <properties/>
  <testcase name="getPlayerInfoDisplaysOfflineMemberDetails()" classname="org.example.command.TeamAdminCommandTest" time="2.209"/>
  <testcase name="getPlayerInfoDisplaysOnlineLeaderDetails()" classname="org.example.command.TeamAdminCommandTest" time="0.009"/>
  <system-out><![CDATA[]]></system-out>
  <system-err><![CDATA[[17:04:50 SEVERE]: Could not connect to SQLite database: No suitable driver found for jdbc:sqlite:/tmp/MockBukkit-20250830973103747131995813476/MyPurpurPlugin-1.0/database.db
[17:04:50 SEVERE]: Lost connection to SQLite database: No suitable driver found for jdbc:sqlite:/tmp/MockBukkit-20250830973103747131995813476/MyPurpurPlugin-1.0/database.db
SLF4J: No SLF4J providers were found.
SLF4J: Defaulting to no-operation (NOP) logger implementation
SLF4J: See https://www.slf4j.org/codes.html#noProviders for further details.
[17:04:51 INFO]: Плагин MyPurpurPlugin успешно загружен!
[17:04:53 SEVERE]: Lost connection to SQLite database: No suitable driver found for jdbc:sqlite:/tmp/MockBukkit-20250830973103747131995813476/MyPurpurPlugin-1.0/database.db
[17:04:53 SEVERE]: Lost connection to SQLite database: No suitable driver found for jdbc:sqlite:/tmp/MockBukkit-20250830973103747131995813476/MyPurpurPlugin-1.0/database.db
]]></system-err>
</testsuite>
