<?xml version="1.0" encoding="UTF-8"?>
<testsuite name="org.example.service.TeamStorageTest" tests="6" skipped="6" failures="0" errors="0" timestamp="2026-08-21T17:05:00" hostname="c-6a8879ec-0167ce52-632a481312a1" time="0.009">
  <properties/>
  <testcase name="loadTeamsSkipsEntriesWithInvalidUuid()" classname="org.example.service.TeamStorageTest" time="0.0">
    <skipped/>
  </testcase>
  <testcase name="saveAndReloadKeepsDeadlineTimestamps()" classname="org.example.service.TeamStorageTest" time="0.001">
    <skipped/>
  </testcase>
  <testcase name="saveAndLoadPreservesTeamColor()" classname="org.example.service.TeamStorageTest" time="0.0">
    <skipped/>
  </testcase>
  <testcase name="loadTeamsSkipsUncachedPlayerNames()" classname="org.example.service.TeamStorageTest" time="0.0">
    <skipped/>
  </testcase>
  <testcase name="saveAndReloadPreservesMembers()" classname="org.example.service.TeamStorageTest" time="0.0">
    <skipped/>
  </testcase>
  <testcase name="autoSaveContinuesAsynchronouslyAndFlushesOnShutdown()" classname="org.example.service.TeamStorageTest" time="0.001">
    <skipped/>
  </testcase>
  <system-out><![CDATA[]]></system-out>
  <system-err><![CDATA[]]></system-err>
</testsuite>
