<?xml version="1.0" encoding="UTF-8"?>
<testsuite name="org.example.service.DeadlineSchedulerTest" tests="2" skipped="1" failures="0" errors="0" timestamp="2026-08-21T17:04:57" hostname="c-6a8879ec-0167ce52-632a481312a1" time="0.292">
  <properties/>
  <testcase name="clearsScoreboardWhenTeamTrimmedAfterReloadWithEnforcementDisabled()" classname="org.example.service.DeadlineSchedulerTest" time="0.19">
    <skipped/>
  </testcase>
  <testcase name="resetLeaderDisplaysKeepsCustomScoreboardWithoutDeadline()" classname="org.example.service.DeadlineSchedulerTest" time="0.101"/>
  <system-out><![CDATA[]]></system-out>
  <system-err><![CDATA[[17:04:57 SEVERE]: Could not connect to SQLite database: No suitable driver found for jdbc:sqlite:/tmp/MockBukkit-35257723918015429735154043187/MockPlugin-1.0.0/database.db
[17:04:57 WARNING]: Команда Alpha превышает лимит: 3 из 2.
[17:04:57 SEVERE]: Could not connect to SQLite database: No suitable driver found for jdbc:sqlite:/tmp/MockBukkit-16150283557332193305757108869/MockPlugin-1.0.0/database.db
]]></system-err>
</testsuite>
