<?xml version="1.0" encoding="UTF-8"?>
<testsuite name="org.example.config.PluginConfigTest" tests="6" skipped="0" failures="0" errors="0" timestamp="2026-08-21T17:21:47" hostname="c-6a8879ec-0167ce52-632a481312a1" time="0.504">
  <properties/>
  <testcase name="teamReloadCommandRepopulatesDefaultsAndKeepsOverrides()" classname="org.example.config.PluginConfigTest" time="0.108"/>
  <testcase name="debugTogglePersistsChangesOnShutdown()" classname="org.example.config.PluginConfigTest" time="0.078"/>
  <testcase name="returnsDefaultMaxTeamNameLengthWhenMissing()" classname="org.example.config.PluginConfigTest" time="0.021"/>
  <testcase name="reloadConfigRestoresDeletedKeyWithDefault()" classname="org.example.config.PluginConfigTest" time="0.083"/>
  <testcase name="reloadConfigKeepsFileHashAndComments()" classname="org.example.config.PluginConfigTest" time="0.033"/>
  <testcase name="regeneratesConfigWithDefaultsAfterDeletion()" classname="org.example.config.PluginConfigTest" time="0.176"/>
  <system-out><![CDATA[]]></system-out>
  <system-err><![CDATA[[17:21:47 SEVERE]: Could not connect to SQLite database: No suitable driver found for jdbc:sqlite:/tmp/MockBukkit-2922551018589550824900129932/MyPurpurPlugin-1.0/database.db
[17:21:47 SEVERE]: Lost connection to SQLite database: No suitable driver found for jdbc:sqlite:/tmp/MockBukkit-2922551018589550824900129932/MyPurpurPlugin-1.0/database.db
[17:21:47 INFO]: Плагин MyPurpurPlugin успешно загружен!
[17:21:47 SEVERE]: Lost connection to SQLite database: No suitable driver found for jdbc:sqlite:/tmp/MockBukkit-2922551018589550824900129932/MyPurpurPlugin-1.0/database.db
[17:21:47 SEVERE]: Could not connect to SQLite database: No suitable driver found for jdbc:sqlite:/tmp/MockBukkit-128263362414057212532895404323/MyPurpurPlugin-1.0/database.db
[17:21:47 SEVERE]: Lost connection to SQLite database: No suitable driver found for jdbc:sqlite:/tmp/MockBukkit-128263362414057212532895404323/MyPurpurPlugin-1.0/database.db
[17:21:47 INFO]: Плагин MyPurpurPlugin успешно загружен!
[17:21:47 INFO]: Режим отладки включён!
[17:21:47 SEVERE]: Could not connect to SQLite database: No suitable driver found for jdbc:sqlite:/tmp/MockBukkit-128263362414057212532895404323/MyPurpurPlugin-1.0/database.db
[17:21:47 SEVERE]: Lost connection to SQLite database: No suitable driver found for jdbc:sqlite:/tmp/MockBukkit-128263362414057212532895404323/MyPurpurPlugin-1.0/database.db
[17:21:47 INFO]: Плагин MyPurpurPlugin успешно загружен!
[17:21:47 SEVERE]: Could not connect to SQLite database: No suitable driver found for jdbc:sqlite:/tmp/MockBukkit-20991187118370674818928752084/MyPurpurPlugin-1.0/database.db
[17:21:47 SEVERE]: Lost connection to SQLite database: No suitable driver found for jdbc:sqlite:/tmp/MockBukkit-20991187118370674818928752084/MyPurpurPlugin-1.0/database.db
[17:21:47 INFO]: Плагин MyPurpurPlugin успешно загружен!
[17:21:48 SEVERE]: Could not connect to SQLite database: No suitable driver found for jdbc:sqlite:/tmp/MockBukkit-45692723313565436012714239775/MyPurpurPlugin-1.0/database.db
[17:21:48 SEVERE]: Lost connection to SQLite database: No suitable driver found for jdbc:sqlite:/tmp/MockBukkit-45692723313565436012714239775/MyPurpurPlugin-1.0/database.db
[17:21:48 INFO]: Плагин MyPurpurPlugin успешно загружен!
[17:21:48 SEVERE]: Could not connect to SQLite database: No suitable driver found for jdbc:sqlite:/tmp/MockBukkit-5325838073018849372864553265/MyPurpurPlugin-1.0/database.db
[17:21:48 SEVERE]: Lost connection to SQLite database: No suitable driver found for jdbc:sqlite:/tmp/MockBukkit-5325838073018849372864553265/MyPurpurPlugin-1.0/database.db
[17:21:48 INFO]: Плагин MyPurpurPlugin успешно загружен!
[17:21:48 SEVERE]: Could not connect to SQLite database: No suitable driver found for jdbc:sqlite:/tmp/MockBukkit-67281675416684764357820160489/MyPurpurPlugin-1.0/database.db
[17:21:48 SEVERE]: Lost connection to SQLite database: No suitable driver found for jdbc:sqlite:/tmp/MockBukkit-67281675416684764357820160489/MyPurpurPlugin-1.0/database.db
[17:21:48 INFO]: Плагин MyPurpurPlugin успешно загружен!
[17:21:48 SEVERE]: Could not connect to SQLite database: No suitable driver found for jdbc:sqlite:/tmp/MockBukkit-33902688612432687789754368146/MyPurpurPlugin-1.0/database.db
[17:21:48 SEVERE]: Lost connection to SQLite database: No suitable driver found for jdbc:sqlite:/tmp/MockBukkit-33902688612432687789754368146/MyPurpurPlugin-1.0/database.db
[17:21:48 INFO]: Плагин MyPurpurPlugin успешно загружен!
[17:21:48 SEVERE]: Lost connection to SQLite database: No suitable driver found for jdbc:sqlite:/tmp/MockBukkit-33902688612432687789754368146/MyPurpurPlugin-1.0/database.db
]]></system-err>
</testsuite>
