<?xml version="1.0" encoding="UTF-8"?>
<testsuite name="org.example.command.TeamCommandTest" tests="20" skipped="2" failures="0" errors="0" timestamp="2026-08-21T17:21:45" hostname="c-6a8879ec-0167ce52-632a481312a1" time="1.736">
  <properties/>
  <testcase name="enforceTeamSizesRemovesOverdueTeamImmediately()" classname="org.example.command.TeamCommandTest" time="0.114"/>
  <testcase name="adminRenameRejectsInvalidTeamNameLength()" classname="org.example.command.TeamCommandTest" time="0.083"/>
  <testcase name="adminKickCommandClearsMembershipAndTabPrefix()" classname="org.example.command.TeamCommandTest" time="0.033"/>
  <testcase name="dispatchesCreateJoinAndListCommands()" classname="org.example.command.TeamCommandTest" time="0.087"/>
  <testcase name="enforceTeamSizesReusesExistingDeadline()" classname="org.example.command.TeamCommandTest" time="0.082"/>
  <testcase name="rejectsInvalidTeamName()" classname="org.example.command.TeamCommandTest" time="0.032"/>
  <testcase name="asyncChatEventAddsTeamPrefix()" classname="org.example.command.TeamCommandTest" time="0.105"/>
  <testcase name="reloadKeepsExistingDeadlineTimestamp()" classname="org.example.command.TeamCommandTest" time="0.002">
    <skipped/>
  </testcase>
  <testcase name="leaderReceivesConfirmationAndTabPrefixAfterCreate()" classname="org.example.command.TeamCommandTest" time="0.043"/>
  <testcase name="joinCommandMatchesNameWhenTeamCreatedWithTrailingWhitespace()" classname="org.example.command.TeamCommandTest" time="0.075"/>
  <testcase name="keepsBlockingJoinsAfterReloadWhenEnforcementDisabled()" classname="org.example.command.TeamCommandTest" time="0.091"/>
  <testcase name="playerQuitRemovesDeadlineAfterLeaving()" classname="org.example.command.TeamCommandTest" time="0.026"/>
  <testcase name="adminTransferCommandMatchesMemberIgnoringCase()" classname="org.example.command.TeamCommandTest" time="0.166"/>
  <testcase name="leaderCanRevokeInviteAndSendItAgain()" classname="org.example.command.TeamCommandTest" time="0.137"/>
  <testcase name="preventsJoinWhenTeamFull()" classname="org.example.command.TeamCommandTest" time="0.039"/>
  <testcase name="transfersLeadershipRestoresScoreboardForPreviousLeader()" classname="org.example.command.TeamCommandTest" time="0.167">
    <skipped/>
  </testcase>
  <testcase name="asyncChatEventUsesDisplayNameWithPrefix()" classname="org.example.command.TeamCommandTest" time="0.101"/>
  <testcase name="joinCommandMatchesTeamNameIgnoringCase()" classname="org.example.command.TeamCommandTest" time="0.083"/>
  <testcase name="adminKickCommandMatchesMemberIgnoringCase()" classname="org.example.command.TeamCommandTest" time="0.042"/>
  <testcase name="deniesCommandWithoutPermission()" classname="org.example.command.TeamCommandTest" time="0.092"/>
  <system-out><![CDATA[]]></system-out>
  <system-err><![CDATA[[17:21:45 SEVERE]: Could not connect to SQLite database: No suitable driver found for jdbc:sqlite:/tmp/MockBukkit-7315209935446677412748990085/MyPurpurPlugin-1.0/database.db
[17:21:45 SEVERE]: Lost connection to SQLite database: No suitable driver found for jdbc:sqlite:/tmp/MockBukkit-7315209935446677412748990085/MyPurpurPlugin-1.0/database.db
[17:21:45 INFO]: Плагин MyPurpurPlugin успешно загружен!
[17:21:46 WARNING]: Команда Beta превышает лимит: 3 из 1.
[17:21:46 WARNING]: Команда Beta превышает лимит: 3 из 1.
[17:21:46 INFO]: Льготный период команды Beta истёк, удалено 2 игрок(ов).
[17:21:46 SEVERE]: Lost connection to SQLite database: No suitable driver found for jdbc:sqlite:/tmp/MockBukkit-7315209935446677412748990085/MyPurpurPlugin-1.0/database.db
[17:21:46 SEVERE]: Could not connect to SQLite database: No suitable driver found for jdbc:sqlite:/tmp/MockBukkit-7315209935446677412748990085/MyPurpurPlugin-1.0/database.db
[17:21:46 SEVERE]: Lost connection to SQLite database: No suitable driver found for jdbc:sqlite:/tmp/MockBukkit-7315209935446677412748990085/MyPurpurPlugin-1.0/database.db
[17:21:46 INFO]: Плагин MyPurpurPlugin успешно загружен!
[17:21:46 SEVERE]: Lost connection to SQLite database: No suitable driver found for jdbc:sqlite:/tmp/MockBukkit-7315209935446677412748990085/MyPurpurPlugin-1.0/database.db
[17:21:46 SEVERE]: Could not connect to SQLite database: No suitable driver found for jdbc:sqlite:/tmp/MockBukkit-7315209935446677412748990085/MyPurpurPlugin-1.0/database.db
[17:21:46 SEVERE]: Lost connection to SQLite database: No suitable driver found for jdbc:sqlite:/tmp/MockBukkit-7315209935446677412748990085/MyPurpurPlugin-1.0/database.db
[17:21:46 INFO]: Плагин MyPurpurPlugin успешно загружен!
[17:21:46 SEVERE]: Lost connection to SQLite database: No suitable driver found for jdbc:sqlite:/tmp/MockBukkit-7315209935446677412748990085/MyPurpurPlugin-1.0/database.db
[17:21:46 SEVERE]: Could not connect to SQLite database: No suitable driver found for jdbc:sqlite:/tmp/MockBukkit-7315209935446677412748990085/MyPurpurPlugin-1.0/database.db
[17:21:46 SEVERE]: Lost connection to SQLite database: No suitable driver found for jdbc:sqlite:/tmp/MockBukkit-7315209935446677412748990085/MyPurpurPlugin-1.0/database.db
[17:21:46 INFO]: Плагин MyPurpurPlugin успешно загружен!
[17:21:46 SEVERE]: Lost connection to SQLite database: No suitable driver found for jdbc:sqlite:/tmp/MockBukkit-7315209935446677412748990085/MyPurpurPlugin-1.0/database.db
[17:21:46 SEVERE]: Could not connect to SQLite database: No suitable driver found for jdbc:sqlite:/tmp/MockBukkit-7315209935446677412748990085/MyPurpurPlugin-1.0/database.db
[17:21:46 SEVERE]: Lost connection to SQLite database: No suitable driver found for jdbc:sqlite:/tmp/MockBukkit-7315209935446677412748990085/MyPurpurPlugin-1.0/database.db
[17:21:46 INFO]: Плагин MyPurpurPlugin успешно загружен!
[17:21:46 WARNING]: Команда Beta превышает лимит: 2 из 1.
[17:21:46 WARNING]: Команда Beta превышает лимит: 2 из 1.
[17:21:46 SEVERE]: Lost connection to SQLite database: No suitable driver found for jdbc:sqlite:/tmp/MockBukkit-7315209935446677412748990085/MyPurpurPlugin-1.0/database.db
[17:21:46 SEVERE]: Could not connect to SQLite database: No suitable driver found for jdbc:sqlite:/tmp/MockBukkit-7315209935446677412748990085/MyPurpurPlugin-1.0/database.db
[17:21:46 SEVERE]: Lost connection to SQLite database: No suitable driver found for jdbc:sqlite:/tmp/MockBukkit-7315209935446677412748990085/MyPurpurPlugin-1.0/database.db
[17:21:46 INFO]: Плагин MyPurpurPlugin успешно загружен!
[17:21:46 SEVERE]: Could not connect to SQLite database: No suitable driver found for jdbc:sqlite:/tmp/MockBukkit-7315209935446677412748990085/MyPurpurPlugin-1.0/database.db
[17:21:46 SEVERE]: Lost connection to SQLite database: No suitable driver found for jdbc:sqlite:/tmp/MockBukkit-7315209935446677412748990085/MyPurpurPlugin-1.0/database.db
[17:21:46 INFO]: Плагин MyPurpurPlugin успешно загружен!
[17:21:46 SEVERE]: Lost connection to SQLite database: No suitable driver found for jdbc:sqlite:/tmp/MockBukkit-7315209935446677412748990085/MyPurpurPlugin-1.0/database.db
[17:21:46 SEVERE]: Could not connect to SQLite database: No suitable driver found for jdbc:sqlite:/tmp/MockBukkit-7315209935446677412748990085/MyPurpurPlugin-1.0/database.db
[17:21:46 SEVERE]: Lost connection to SQLite database: No suitable driver found for jdbc:sqlite:/tmp/MockBukkit-7315209935446677412748990085/MyPurpurPlugin-1.0/database.db
[17:21:46 INFO]: Плагин MyPurpurPlugin успешно загружен!
[17:21:46 SEVERE]: Lost connection to SQLite database: No suitable driver found for jdbc:sqlite:/tmp/MockBukkit-7315209935446677412748990085/MyPurpurPlugin-1.0/database.db
[17:21:46 SEVERE]: Could not connect to SQLite database: No suitable driver found for jdbc:sqlite:/tmp/MockBukkit-7315209935446677412748990085/MyPurpurPlugin-1.0/database.db
[17:21:46 SEVERE]: Lost connection to SQLite database: No suitable driver found for jdbc:sqlite:/tmp/MockBukkit-7315209935446677412748990085/MyPurpurPlugin-1.0/database.db
[17:21:46 INFO]: Плагин MyPurpurPlugin успешно загружен!
[17:21:46 SEVERE]: Lost connection to SQLite database: No suitable driver found for jdbc:sqlite:/tmp/MockBukkit-7315209935446677412748990085/MyPurpurPlugin-1.0/database.db
[17:21:46 SEVERE]: Could not connect to SQLite database: No suitable driver found for jdbc:sqlite:/tmp/MockBukkit-7315209935446677412748990085/MyPurpurPlugin-1.0/database.db
[17:21:46 SEVERE]: Lost connection to SQLite database: No suitable driver found for jdbc:sqlite:/tmp/MockBukkit-7315209935446677412748990085/MyPurpurPlugin-1.0/database.db
[17:21:46 INFO]: Плагин MyPurpurPlugin успешно загружен!
[17:21:46 WARNING]: Команда Reloaded превышает лимит: 3 из 1.
[17:21:46 WARNING]: Команда Reloaded превышает лимит: 2 из 1.
[17:21:46 SEVERE]: Lost connection to SQLite database: No suitable driver found for jdbc:sqlite:/tmp/MockBukkit-7315209935446677412748990085/MyPurpurPlugin-1.0/database.db
[17:21:46 SEVERE]: Could not connect to SQLite database: No suitable driver found for jdbc:sqlite:/tmp/MockBukkit-7315209935446677412748990085/MyPurpurPlugin-1.0/database.db
[17:21:46 SEVERE]: Lost connection to SQLite database: No suitable driver found for jdbc:sqlite:/tmp/MockBukkit-7315209935446677412748990085/MyPurpurPlugin-1.0/database.db
[17:21:46 INFO]: Плагин MyPurpurPlugin успешно загружен!
[17:21:46 WARNING]: Команда Beta превышает лимит: 2 из 1.
[17:21:46 SEVERE]: Lost connection to SQLite database: No suitable driver found for jdbc:sqlite:/tmp/MockBukkit-7315209935446677412748990085/MyPurpurPlugin-1.0/database.db
[17:21:46 SEVERE]: Could not connect to SQLite database: No suitable driver found for jdbc:sqlite:/tmp/MockBukkit-7315209935446677412748990085/MyPurpurPlugin-1.0/database.db
[17:21:46 SEVERE]: Lost connection to SQLite database: No suitable driver found for jdbc:sqlite:/tmp/MockBukkit-7315209935446677412748990085/MyPurpurPlugin-1.0/database.db
[17:21:46 INFO]: Плагин MyPurpurPlugin успешно загружен!
[17:21:46 SEVERE]: Lost connection to SQLite database: No suitable driver found for jdbc:sqlite:/tmp/MockBukkit-7315209935446677412748990085/MyPurpurPlugin-1.0/database.db
[17:21:46 SEVERE]: Could not connect to SQLite database: No suitable driver found for jdbc:sqlite:/tmp/MockBukkit-7315209935446677412748990085/MyPurpurPlugin-1.0/database.db
[17:21:46 SEVERE]: Lost connection to SQLite database: No suitable driver found for jdbc:sqlite:/tmp/MockBukkit-7315209935446677412748990085/MyPurpurPlugin-1.0/database.db
[17:21:46 INFO]: Плагин MyPurpurPlugin успешно загружен!
[17:21:47 WARNING]: sendInvite took 79 ms
[17:21:47 SEVERE]: Lost connection to SQLite database: No suitable driver found for jdbc:sqlite:/tmp/MockBukkit-7315209935446677412748990085/MyPurpurPlugin-1.0/database.db
[17:21:47 SEVERE]: Could not connect to SQLite database: No suitable driver found for jdbc:sqlite:/tmp/MockBukkit-7315209935446677412748990085/MyPurpurPlugin-1.0/database.db
[17:21:47 SEVERE]: Lost connection to SQLite database: No suitable driver found for jdbc:sqlite:/tmp/MockBukkit-7315209935446677412748990085/MyPurpurPlugin-1.0/database.db
[17:21:47 INFO]: Плагин MyPurpurPlugin успешно загружен!
[17:21:47 SEVERE]: Lost connection to SQLite database: No suitable driver found for jdbc:sqlite:/tmp/MockBukkit-7315209935446677412748990085/MyPurpurPlugin-1.0/database.db
[17:21:47 SEVERE]: Could not connect to SQLite database: No suitable driver found for jdbc:sqlite:/tmp/MockBukkit-7315209935446677412748990085/MyPurpurPlugin-1.0/database.db
[17:21:47 SEVERE]: Lost connection to SQLite database: No suitable driver found for jdbc:sqlite:/tmp/MockBukkit-7315209935446677412748990085/MyPurpurPlugin-1.0/database.db
[17:21:47 INFO]: Плагин MyPurpurPlugin успешно загружен!
[17:21:47 WARNING]: Команда Omega превышает лимит: 2 из 1.
[17:21:47 SEVERE]: Lost connection to SQLite database: No suitable driver found for jdbc:sqlite:/tmp/MockBukkit-7315209935446677412748990085/MyPurpurPlugin-1.0/database.db
[17:21:47 SEVERE]: Could not connect to SQLite database: No suitable driver found for jdbc:sqlite:/tmp/MockBukkit-7315209935446677412748990085/MyPurpurPlugin-1.0/database.db
[17:21:47 SEVERE]: Lost connection to SQLite database: No suitable driver found for jdbc:sqlite:/tmp/MockBukkit-7315209935446677412748990085/MyPurpurPlugin-1.0/database.db
[17:21:47 INFO]: Плагин MyPurpurPlugin успешно загружен!
[17:21:47 SEVERE]: Lost connection to SQLite database: No suitable driver found for jdbc:sqlite:/tmp/MockBukkit-7315209935446677412748990085/MyPurpurPlugin-1.0/database.db
[17:21:47 SEVERE]: Could not connect to SQLite database: No suitable driver found for jdbc:sqlite:/tmp/MockBukkit-7315209935446677412748990085/MyPurpurPlugin-1.0/database.db
[17:21:47 SEVERE]: Lost connection to SQLite database: No suitable driver found for jdbc:sqlite:/tmp/MockBukkit-7315209935446677412748990085/MyPurpurPlugin-1.0/database.db
[17:21:47 INFO]: Плагин MyPurpurPlugin успешно загружен!
[17:21:47 SEVERE]: Lost connection to SQLite database: No suitable driver found for jdbc:sqlite:/tmp/MockBukkit-7315209935446677412748990085/MyPurpurPlugin-1.0/database.db
[17:21:47 SEVERE]: Could not connect to SQLite database: No suitable driver found for jdbc:sqlite:/tmp/MockBukkit-7315209935446677412748990085/MyPurpurPlugin-1.0/database.db
[17:21:47 SEVERE]: Lost connection to SQLite database: No suitable driver found for jdbc:sqlite:/tmp/MockBukkit-7315209935446677412748990085/MyPurpurPlugin-1.0/database.db
[17:21:47 INFO]: Плагин MyPurpurPlugin успешно загружен!
[17:21:47 SEVERE]: Lost connection to SQLite database: No suitable driver found for jdbc:sqlite:/tmp/MockBukkit-7315209935446677412748990085/MyPurpurPlugin-1.0/database.db
[17:21:47 SEVERE]: Could not connect to SQLite database: No suitable driver found for jdbc:sqlite:/tmp/MockBukkit-7315209935446677412748990085/MyPurpurPlugin-1.0/database.db
[17:21:47 SEVERE]: Lost connection to SQLite database: No suitable driver found for jdbc:sqlite:/tmp/MockBukkit-7315209935446677412748990085/MyPurpurPlugin-1.0/database.db
[17:21:47 INFO]: Плагин MyPurpurPlugin успешно загружен!
]]></system-err>
</testsuite>
