<?xml version="1.0" encoding="UTF-8"?>
<testsuite name="org.example.config.PluginConfigTest" tests="6" skipped="0" failures="0" errors="0" timestamp="2026-08-21T17:04:55" hostname="c-6a8879ec-0167ce52-632a481312a1" time="0.629">
  <properties/>
  <testcase name="teamReloadCommandRepopulatesDefaultsAndKeepsOverrides()" classname="org.example.config.PluginConfigTest" time="0.114"/>
  <testcase name="debugTogglePersistsChangesOnShutdown()" classname="org.example.config.PluginConfigTest" time="0.104"/>
  <testcase name="returnsDefaultMaxTeamNameLengthWhenMissing()" classname="org.example.config.PluginConfigTest" time="0.099"/>
  <testcase name="reloadConfigRestoresDeletedKeyWithDefault()" classname="org.example.config.PluginConfigTest" time="0.097"/>
  <testcase name="reloadConfigKeepsFileHashAndComments()" classname="org.example.config.PluginConfigTest" time="0.095"/>
  <testcase name="regeneratesConfigWithDefaultsAfterDeletion()" classname="org.example.config.PluginConfigTest" time="0.112"/>
  <system-out><![CDATA[]]></system-out>
  <system-err><![CDATA[[17:04:55 SEVERE]: Could not connect to SQLite database: No suitable driver found for jdbc:sqlite:/tmp/MockBukkit-1155266373089717841149017916/MyPurpurPlugin-1.0/database.db
[17:04:55 SEVERE]: Lost connection to SQLite database: No suitable driver found for jdbc:sqlite:/tmp/MockBukkit-1155266373089717841149017916/MyPurpurPlugin-1.0/database.db
[17:04:55 INFO]: Плагин MyPurpurPlugin успешно загружен!
[17:04:55 SEVERE]: Lost connection to SQLite database: No suitable driver found for jdbc:sqlite:/tmp/MockBukkit-1155266373089717841149017916/MyPurpurPlugin-1.0/database.db
[17:04:55 SEVERE]: Could not connect to SQLite database: No suitable driver found for jdbc:sqlite:/tmp/MockBukkit-14022317035676391788587459161/MyPurpurPlugin-1.0/database.db
[17:04:55 SEVERE]: Lost connection to SQLite database: No suitable driver found for jdbc:sqlite:/tmp/MockBukkit-14022317035676391788587459161/MyPurpurPlugin-1.0/database.db
[17:04:55 INFO]: Плагин MyPurpurPlugin успешно загружен!
[17:04:55 INFO]: Режим отладки включён!
[17:04:55 SEVERE]: Could not connect to SQLite database: No suitable driver found for jdbc:sqlite:/tmp/MockBukkit-14022317035676391788587459161/MyPurpurPlugin-1.0/database.db
[17:04:55 SEVERE]: Lost connection to SQLite database: No suitable driver found for jdbc:sqlite:/tmp/MockBukkit-14022317035676391788587459161/MyPurpurPlugin-1.0/database.db
[17:04:55 INFO]: Плагин MyPurpurPlugin успешно загружен!
[17:04:55 SEVERE]: Could not connect to SQLite database: No suitable driver found for jdbc:sqlite:/tmp/MockBukkit-476151877319328329224427386/MyPurpurPlugin-1.0/database.db
[17:04:55 SEVERE]: Lost connection to SQLite database: No suitable driver found for jdbc:sqlite:/tmp/MockBukkit-476151877319328329224427386/MyPurpurPlugin-1.0/database.db
[17:04:55 INFO]: Плагин MyPurpurPlugin успешно загружен!
[17:04:55 SEVERE]: Could not connect to SQLite database: No suitable driver found for jdbc:sqlite:/tmp/MockBukkit-103901105611879711218037688463/MyPurpurPlugin-1.0/database.db
[17:04:55 SEVERE]: Lost connection to SQLite database: No suitable driver found for jdbc:sqlite:/tmp/MockBukkit-103901105611879711218037688463/MyPurpurPlugin-1.0/database.db
[17:04:55 INFO]: Плагин MyPurpurPlugin успешно загружен!
[17:04:55 SEVERE]: Could not connect to SQLite database: No suitable driver found for jdbc:sqlite:/tmp/MockBukkit-8239056043146121090767581896/MyPurpurPlugin-1.0/database.db
[17:04:55 SEVERE]: Lost connection to SQLite database: No suitable driver found for jdbc:sqlite:/tmp/MockBukkit-8239056043146121090767581896/MyPurpurPlugin-1.0/database.db
[17:04:55 INFO]: Плагин MyPurpurPlugin успешно загружен!
[17:04:55 SEVERE]: Could not connect to SQLite database: No suitable driver found for jdbc:sqlite:/tmp/MockBukkit-115344607313784595450010008564/MyPurpurPlugin-1.0/database.db
[17:04:55 SEVERE]: Lost connection to SQLite database: No suitable driver found for jdbc:sqlite:/tmp/MockBukkit-115344607313784595450010008564/MyPurpurPlugin-1.0/database.db
[17:04:55 INFO]: Плагин MyPurpurPlugin успешно загружен!
[17:04:55 SEVERE]: Could not connect to SQLite database: No suitable driver found for jdbc:sqlite:/tmp/MockBukkit-10481866355686678310456220/MyPurpurPlugin-1.0/database.db
[17:04:55 SEVERE]: Lost connection to SQLite database: No suitable driver found for jdbc:sqlite:/tmp/MockBukkit-10481866355686678310456220/MyPurpurPlugin-1.0/database.db
[17:04:55 INFO]: Плагин MyPurpurPlugin успешно загружен!
[17:04:55 SEVERE]: Lost connection to SQLite database: No suitable driver found for jdbc:sqlite:/tmp/MockBukkit-10481866355686678310456220/MyPurpurPlugin-1.0/database.db
]]></system-err>
</testsuite>
