<?xml version="1.0" encoding="UTF-8"?>
<testsuite name="org.example.service.DeadlineSchedulerTest" tests="2" skipped="1" failures="0" errors="0" timestamp="2026-08-21T17:21:50" hostname="c-6a8879ec-0167ce52-632a481312a1" time="0.304">
  <properties/>
  <testcase name="clearsScoreboardWhenTeamTrimmedAfterReloadWithEnforcementDisabled()" classname="org.example.service.DeadlineSchedulerTest" time="0.187">
    <skipped/>
  </testcase>
  <testcase name="resetLeaderDisplaysKeepsCustomScoreboardWithoutDeadline()" classname="org.example.service.DeadlineSchedulerTest" time="0.116"/>
  <system-out><![CDATA[]]></system-out>
  <system-err><![CDATA[[17:21:50 SEVERE]: Could not connect to SQLite database: No suitable driver found for jdbc:sqlite:/tmp/MockBukkit-79336091413539942390299330493/MockPlugin-1.0.0/database.db
[17:21:50 WARNING]: Команда Alpha превышает лимит: 3 из 2.
[17:21:50 SEVERE]: Could not connect to SQLite database: No suitable driver found for jdbc:sqlite:/tmp/MockBukkit-17991031221992472855654153537/MockPlugin-1.0.0/database.db
]]></system-err>
</testsuite>
